<html>
<head>
<title>TestNG:  Functional Tests</title>
<link href="../testng.css" rel="stylesheet" type="text/css" />
<link href="../my-testng.css" rel="stylesheet" type="text/css" />

<style type="text/css">
.log { display: none;} 
.stack-trace { display: none;} 
</style>
<script type="text/javascript">
<!--
function flip(e) {
  current = e.style.display;
  if (current == 'block') {
    e.style.display = 'none';
    return 0;
  }
  else {
    e.style.display = 'block';
    return 1;
  }
}

function toggleBox(szDivId, elem, msg1, msg2)
{
  var res = -1;  if (document.getElementById) {
    res = flip(document.getElementById(szDivId));
  }
  else if (document.all) {
    // this is the way old msie versions work
    res = flip(document.all[szDivId]);
  }
  if(elem) {
    if(res == 0) elem.innerHTML = msg1; else elem.innerHTML = msg2;
  }

}

function toggleAllBoxes() {
  if (document.getElementsByTagName) {
    d = document.getElementsByTagName('div');
    for (i = 0; i < d.length; i++) {
      if (d[i].className == 'log') {
        flip(d[i]);
      }
    }
  }
}

// -->
</script>

</head>
<body>
<h2 align='center'>Functional Tests</h2><table border='1' align="center">
<tr>
<td>Tests passed/Failed/Skipped:</td><td>0/1/0</td>
</tr><tr>
<td>Started on:</td><td>Thu Jul 16 12:36:52 MSK 2015</td>
</tr>
<tr><td>Total time:</td><td>103 seconds (103824 ms)</td>
</tr><tr>
<td>Included groups:</td><td></td>
</tr><tr>
<td>Excluded groups:</td><td></td>
</tr>
</table><p/>
<small><i>(Hover the method name to see the test class name)</i></small><p/>
<table width='100%' border='1' class='invocation-failed'>
<tr><td colspan='4' align='center'><b>FAILED CONFIGURATIONS</b></td></tr>
<tr><td><b>Test method</b></td>
<td width="30%"><b>Exception</b></td>
<td width="10%"><b>Time (seconds)</b></td>
<td><b>Instance</b></td>
</tr>
<tr>
<td title='test.LetterGoToSpam_01.afterSpamTest()'><b>afterSpamTest</b><br>Test class: test.LetterGoToSpam_01<br/>
<a href="#Output-305502850" onClick='toggleBox("Output-305502850", this, "Show output", "Hide output");'>Show output</a>

<a href="#Output-305502850" onClick="toggleAllBoxes();">Show all outputs</a>
<div class='log' id="Output-305502850">
Browser is ready<br><br/>
</div>
</td>
<td><div><pre>org.openqa.selenium.NoSuchElementException: Unable to locate element: {&quot;method&quot;:&quot;xpath&quot;,&quot;selector&quot;:&quot;//div[@class=&apos;ya&apos;]&quot;}
Command duration or timeout: 30.15 seconds
For documentation on this error, please visit: http://seleniumhq.org/exceptions/no_such_element.html
Build info: version: &apos;2.46.0&apos;, revision: &apos;61506a4624b13675f24581e453592342b7485d71&apos;, time: &apos;2015-06-04 10:22:50&apos;
System info: host: &apos;EPBYMINW2701&apos;, ip: &apos;10.6.102.41&apos;, os.name: &apos;Windows 7&apos;, os.arch: &apos;amd64&apos;, os.version: &apos;6.1&apos;, java.version: &apos;1.8.0_45&apos;
Driver info: org.openqa.selenium.firefox.FirefoxDriver
Capabilities [{applicationCacheEnabled=true, rotatable=false, handlesAlerts=true, databaseEnabled=true, version=35.0.1, platform=WINDOWS, nativeEvents=false, acceptSslCerts=true, webStorageEnabled=true, locationContextEnabled=true, browserName=firefox, takesScreenshot=true, javascriptEnabled=true, cssSelectorsEnabled=true}]
Session ID: 5f5d3e3c-5193-4593-b0c9-68cf04fbff1f
*** Element info: {Using=xpath, value=//div[@class=&apos;ya&apos;]}
	at org.openqa.selenium.remote.ErrorHandler.createThrowable(ErrorHandler.java:204)
	at org.openqa.selenium.remote.ErrorHandler.throwIfResponseFailed(ErrorHandler.java:156)
	at org.openqa.selenium.remote.RemoteWebDriver.execute(RemoteWebDriver.java:605)
	at org.openqa.selenium.remote.RemoteWebDriver.findElement(RemoteWebDriver.java:358)
	at org.openqa.selenium.remote.RemoteWebDriver.findElementByXPath(RemoteWebDriver.java:455)
	at org.openqa.selenium.By$ByXPath.findElement(By.java:358)
	at org.openqa.selenium.remote.RemoteWebDriver.findElement(RemoteWebDriver.java:350)
	at webdriver.elements.BaseElement.&lt;init&gt;(BaseElement.java:31)
	at webdriver.elements.LabelElement.&lt;init&gt;(LabelElement.java:15)
	at webdriver.BasePage.assertIsOpen(BasePage.java:21)
	at webdriver.BasePage.&lt;init&gt;(BasePage.java:16)
	at test.Pages.MainPage.&lt;init&gt;(MainPage.java:24)
	at test.Pages.SpamPage.&lt;init&gt;(SpamPage.java:11)
	at test.Steps.Steps.returnMessageFromSpam(Steps.java:75)
	at test.LetterGoToSpam_01.afterSpamTest(LetterGoToSpam_01.java:69)
Caused by: org.openqa.selenium.NoSuchElementException: Unable to locate element: {&quot;method&quot;:&quot;xpath&quot;,&quot;selector&quot;:&quot;//div[@class=&apos;ya&apos;]&quot;}
For documentation on this error, please visit: http://seleniumhq.org/exceptions/no_such_element.html
Build info: version: &apos;2.46.0&apos;, revision: &apos;61506a4624b13675f24581e453592342b7485d71&apos;, time: &apos;2015-06-04 10:22:50&apos;
System info: host: &apos;EPBYMINW2701&apos;, ip: &apos;10.6.102.41&apos;, os.name: &apos;Windows 7&apos;, os.arch: &apos;amd64&apos;, os.version: &apos;6.1&apos;, java.version: &apos;1.8.0_45&apos;
Driver info: driver.version: unknown
	at &lt;anonymous class&gt;.FirefoxDriver.prototype.findElementInternal_(file:///C:/Users/Hleb_Halkouski/AppData/Local/Temp/anonymous6950177766144639762webdriver-profile/extensions/fxdriver@googlecode.com/components/driver-component.js:10299)
	at &lt;anonymous class&gt;.fxdriver.Timer.prototype.setTimeout/&lt;.notify(file:///C:/Users/Hleb_Halkouski/AppData/Local/Temp/anonymous6950177766144639762webdriver-profile/extensions/fxdriver@googlecode.com/components/driver-component.js:603)
... Removed 26 stack frames</pre></div><a href='#' onClick='toggleBox("stack-trace305502850", this, "Click to show all stack frames", "Click to hide stack frames")'>Click to show all stack frames</a>
<div class='stack-trace' id='stack-trace305502850'><pre>org.openqa.selenium.NoSuchElementException: Unable to locate element: {&quot;method&quot;:&quot;xpath&quot;,&quot;selector&quot;:&quot;//div[@class=&apos;ya&apos;]&quot;}
Command duration or timeout: 30.15 seconds
For documentation on this error, please visit: http://seleniumhq.org/exceptions/no_such_element.html
Build info: version: &apos;2.46.0&apos;, revision: &apos;61506a4624b13675f24581e453592342b7485d71&apos;, time: &apos;2015-06-04 10:22:50&apos;
System info: host: &apos;EPBYMINW2701&apos;, ip: &apos;10.6.102.41&apos;, os.name: &apos;Windows 7&apos;, os.arch: &apos;amd64&apos;, os.version: &apos;6.1&apos;, java.version: &apos;1.8.0_45&apos;
Driver info: org.openqa.selenium.firefox.FirefoxDriver
Capabilities [{applicationCacheEnabled=true, rotatable=false, handlesAlerts=true, databaseEnabled=true, version=35.0.1, platform=WINDOWS, nativeEvents=false, acceptSslCerts=true, webStorageEnabled=true, locationContextEnabled=true, browserName=firefox, takesScreenshot=true, javascriptEnabled=true, cssSelectorsEnabled=true}]
Session ID: 5f5d3e3c-5193-4593-b0c9-68cf04fbff1f
*** Element info: {Using=xpath, value=//div[@class=&apos;ya&apos;]}
	at sun.reflect.NativeConstructorAccessorImpl.newInstance0(Native Method)
	at sun.reflect.NativeConstructorAccessorImpl.newInstance(NativeConstructorAccessorImpl.java:62)
	at sun.reflect.DelegatingConstructorAccessorImpl.newInstance(DelegatingConstructorAccessorImpl.java:45)
	at java.lang.reflect.Constructor.newInstance(Constructor.java:422)
	at org.openqa.selenium.remote.ErrorHandler.createThrowable(ErrorHandler.java:204)
	at org.openqa.selenium.remote.ErrorHandler.throwIfResponseFailed(ErrorHandler.java:156)
	at org.openqa.selenium.remote.RemoteWebDriver.execute(RemoteWebDriver.java:605)
	at org.openqa.selenium.remote.RemoteWebDriver.findElement(RemoteWebDriver.java:358)
	at org.openqa.selenium.remote.RemoteWebDriver.findElementByXPath(RemoteWebDriver.java:455)
	at org.openqa.selenium.By$ByXPath.findElement(By.java:358)
	at org.openqa.selenium.remote.RemoteWebDriver.findElement(RemoteWebDriver.java:350)
	at webdriver.elements.BaseElement.&lt;init&gt;(BaseElement.java:31)
	at webdriver.elements.LabelElement.&lt;init&gt;(LabelElement.java:15)
	at webdriver.BasePage.assertIsOpen(BasePage.java:21)
	at webdriver.BasePage.&lt;init&gt;(BasePage.java:16)
	at test.Pages.MainPage.&lt;init&gt;(MainPage.java:24)
	at test.Pages.SpamPage.&lt;init&gt;(SpamPage.java:11)
	at test.Steps.Steps.returnMessageFromSpam(Steps.java:75)
	at test.LetterGoToSpam_01.afterSpamTest(LetterGoToSpam_01.java:69)
	at sun.reflect.NativeMethodAccessorImpl.invoke0(Native Method)
	at sun.reflect.NativeMethodAccessorImpl.invoke(NativeMethodAccessorImpl.java:62)
	at sun.reflect.DelegatingMethodAccessorImpl.invoke(DelegatingMethodAccessorImpl.java:43)
	at java.lang.reflect.Method.invoke(Method.java:497)
	at org.testng.internal.MethodInvocationHelper.invokeMethod(MethodInvocationHelper.java:84)
	at org.testng.internal.Invoker.invokeConfigurationMethod(Invoker.java:564)
	at org.testng.internal.Invoker.invokeConfigurations(Invoker.java:213)
	at org.testng.internal.Invoker.invokeConfigurations(Invoker.java:138)
	at org.testng.TestRunner.afterRun(TestRunner.java:1014)
	at org.testng.TestRunner.run(TestRunner.java:621)
	at org.testng.SuiteRunner.runTest(SuiteRunner.java:348)
	at org.testng.SuiteRunner.runSequentially(SuiteRunner.java:343)
	at org.testng.SuiteRunner.privateRun(SuiteRunner.java:305)
	at org.testng.SuiteRunner.run(SuiteRunner.java:254)
	at org.testng.SuiteRunnerWorker.runSuite(SuiteRunnerWorker.java:52)
	at org.testng.SuiteRunnerWorker.run(SuiteRunnerWorker.java:86)
	at org.testng.TestNG.runSuitesSequentially(TestNG.java:1224)
	at org.testng.TestNG.runSuitesLocally(TestNG.java:1149)
	at org.testng.TestNG.run(TestNG.java:1057)
	at org.testng.remote.RemoteTestNG.run(RemoteTestNG.java:111)
	at org.testng.remote.RemoteTestNG.initAndRun(RemoteTestNG.java:204)
	at org.testng.remote.RemoteTestNG.main(RemoteTestNG.java:175)
Caused by: org.openqa.selenium.NoSuchElementException: Unable to locate element: {&quot;method&quot;:&quot;xpath&quot;,&quot;selector&quot;:&quot;//div[@class=&apos;ya&apos;]&quot;}
For documentation on this error, please visit: http://seleniumhq.org/exceptions/no_such_element.html
Build info: version: &apos;2.46.0&apos;, revision: &apos;61506a4624b13675f24581e453592342b7485d71&apos;, time: &apos;2015-06-04 10:22:50&apos;
System info: host: &apos;EPBYMINW2701&apos;, ip: &apos;10.6.102.41&apos;, os.name: &apos;Windows 7&apos;, os.arch: &apos;amd64&apos;, os.version: &apos;6.1&apos;, java.version: &apos;1.8.0_45&apos;
Driver info: driver.version: unknown
	at &lt;anonymous class&gt;.FirefoxDriver.prototype.findElementInternal_(file:///C:/Users/Hleb_Halkouski/AppData/Local/Temp/anonymous6950177766144639762webdriver-profile/extensions/fxdriver@googlecode.com/components/driver-component.js:10299)
	at &lt;anonymous class&gt;.fxdriver.Timer.prototype.setTimeout/&lt;.notify(file:///C:/Users/Hleb_Halkouski/AppData/Local/Temp/anonymous6950177766144639762webdriver-profile/extensions/fxdriver@googlecode.com/components/driver-component.js:603)
</pre></div></td>
<td>0</td>
<td>null</td></tr>
</table><p>
<table width='100%' border='1' class='invocation-failed'>
<tr><td colspan='4' align='center'><b>FAILED TESTS</b></td></tr>
<tr><td><b>Test method</b></td>
<td width="30%"><b>Exception</b></td>
<td width="10%"><b>Time (seconds)</b></td>
<td><b>Instance</b></td>
</tr>
<tr>
<td title='test.LetterGoToSpam_01.letterGoToSpam()'><b>letterGoToSpam</b><br>Test class: test.LetterGoToSpam_01<br/>
<a href="#Output-221111433" onClick='toggleBox("Output-221111433", this, "Show output", "Hide output");'>Show output</a>

<a href="#Output-221111433" onClick="toggleAllBoxes();">Show all outputs</a>
<div class='log' id="Output-221111433">
--------==[ step 1 ]==--------<br><br/>
Page Login Page appears<br><br/>
TextBoxElement typing 'hlebtemp@gmail.com' <br><br/>
ButtonElement clicking <br><br/>
TextBoxElement typing 'dr71gleb' <br><br/>
ButtonElement clicking <br><br/>
--------==[ step 2 ]==--------<br><br/>
Page Main Page appears<br><br/>
ButtonElement clicking <br><br/>
Page New Message Form appears<br><br/>
TextBoxElement typing 'hlebtemp2@gmail.com' <br><br/>
TextBoxElement typing 'DCK8J' <br><br/>
TextBoxElement typing 'E6VQC OIF TJY4E0C88WFD5ILNIXO9' <br><br/>
ButtonElement clicking <br><br/>
--------==[ step 3 ]==--------<br><br/>
Page Login Page appears<br><br/>
TextBoxElement typing 'hlebtemp2@gmail.com' <br><br/>
ButtonElement clicking <br><br/>
TextBoxElement typing 'dr71gleb' <br><br/>
ButtonElement clicking <br><br/>
--------==[ step 4 ]==--------<br><br/>
Page Main Page appears<br><br/>
LabelElement clicking <br><br/>
Page Message Page appears<br><br/>
ButtonElement clicking <br><br/>
LabelElement clicking <br><br/>
--------==[ step 5 ]==--------<br><br/>
Page Login Page appears<br><br/>
TextBoxElement typing 'hlebtemp@gmail.com' <br><br/>
ButtonElement clicking <br><br/>
TextBoxElement typing 'dr71gleb' <br><br/>
ButtonElement clicking <br><br/>
--------==[ step 6 ]==--------<br><br/>
Page Main Page appears<br><br/>
ButtonElement clicking <br><br/>
Page New Message Form appears<br><br/>
TextBoxElement typing 'hlebtemp2@gmail.com' <br><br/>
TextBoxElement typing 'DCK8J' <br><br/>
TextBoxElement typing 'E6VQC OIF TJY4E0C88WFD5ILNIXO9' <br><br/>
ButtonElement clicking <br><br/>
--------==[ step 7 ]==--------<br><br/>
Page Login Page appears<br><br/>
TextBoxElement typing 'hlebtemp2@gmail.com' <br><br/>
ButtonElement clicking <br><br/>
TextBoxElement typing 'dr71gleb' <br><br/>
ButtonElement clicking <br><br/>
--------==[ step 8 ]==--------<br><br/>
Page Spam Page appears<br><br/>
<div class="failedConfig">Letter doesn't in spam!</div><br><br/>
</div>
</td>
<td><div><pre>java.lang.AssertionError: Letter doesn&apos;t in spam! expected [true] but found [false]
	at webdriver.Logger.fatal(Logger.java:131)
	at webdriver.BaseEntity.fatal(BaseEntity.java:72)
	at webdriver.Asserts.assertTrue(Asserts.java:19)
	at test.LetterGoToSpam_01.letterGoToSpam(LetterGoToSpam_01.java:63)
... Removed 27 stack frames</pre></div><a href='#' onClick='toggleBox("stack-trace221111433", this, "Click to show all stack frames", "Click to hide stack frames")'>Click to show all stack frames</a>
<div class='stack-trace' id='stack-trace221111433'><pre>java.lang.AssertionError: Letter doesn&apos;t in spam! expected [true] but found [false]
	at org.testng.Assert.fail(Assert.java:94)
	at org.testng.Assert.failNotEquals(Assert.java:494)
	at org.testng.Assert.assertTrue(Assert.java:42)
	at webdriver.Logger.fatal(Logger.java:131)
	at webdriver.BaseEntity.fatal(BaseEntity.java:72)
	at webdriver.Asserts.assertTrue(Asserts.java:19)
	at test.LetterGoToSpam_01.letterGoToSpam(LetterGoToSpam_01.java:63)
	at sun.reflect.NativeMethodAccessorImpl.invoke0(Native Method)
	at sun.reflect.NativeMethodAccessorImpl.invoke(NativeMethodAccessorImpl.java:62)
	at sun.reflect.DelegatingMethodAccessorImpl.invoke(DelegatingMethodAccessorImpl.java:43)
	at java.lang.reflect.Method.invoke(Method.java:497)
	at org.testng.internal.MethodInvocationHelper.invokeMethod(MethodInvocationHelper.java:84)
	at org.testng.internal.Invoker.invokeMethod(Invoker.java:714)
	at org.testng.internal.Invoker.invokeTestMethod(Invoker.java:901)
	at org.testng.internal.Invoker.invokeTestMethods(Invoker.java:1231)
	at org.testng.internal.TestMethodWorker.invokeTestMethods(TestMethodWorker.java:127)
	at org.testng.internal.TestMethodWorker.run(TestMethodWorker.java:111)
	at org.testng.TestRunner.privateRun(TestRunner.java:767)
	at org.testng.TestRunner.run(TestRunner.java:617)
	at org.testng.SuiteRunner.runTest(SuiteRunner.java:348)
	at org.testng.SuiteRunner.runSequentially(SuiteRunner.java:343)
	at org.testng.SuiteRunner.privateRun(SuiteRunner.java:305)
	at org.testng.SuiteRunner.run(SuiteRunner.java:254)
	at org.testng.SuiteRunnerWorker.runSuite(SuiteRunnerWorker.java:52)
	at org.testng.SuiteRunnerWorker.run(SuiteRunnerWorker.java:86)
	at org.testng.TestNG.runSuitesSequentially(TestNG.java:1224)
	at org.testng.TestNG.runSuitesLocally(TestNG.java:1149)
	at org.testng.TestNG.run(TestNG.java:1057)
	at org.testng.remote.RemoteTestNG.run(RemoteTestNG.java:111)
	at org.testng.remote.RemoteTestNG.initAndRun(RemoteTestNG.java:204)
	at org.testng.remote.RemoteTestNG.main(RemoteTestNG.java:175)
</pre></div></td>
<td>66</td>
<td>test.LetterGoToSpam_01@52f27fbd</td></tr>
</table><p>
</body>
</html>