<?xml version="1.0" encoding="UTF-8"?>
<!-- Generated by org.testng.reporters.JUnitXMLReporter -->
<testsuite hostname="EPBYMINW2701" name="Functional Tests" tests="1" failures="1" timestamp="16 Jul 2015 09:38:36 GMT" time="103.824" errors="0">
  <testcase name="@AfterTest afterSpamTest" time="0.0" classname="test.LetterGoToSpam_01">
    <failure type="org.openqa.selenium.NoSuchElementException" message="Unable to locate element: {&amp;quot;method&amp;quot;:&amp;quot;xpath&amp;quot;,&amp;quot;selector&amp;quot;:&amp;quot;//div[@class=&amp;apos;ya&amp;apos;]&amp;quot;}
Command duration or timeout: 30.15 seconds
For documentation on this error, please visit: http://seleniumhq.org/exceptions/no_such_element.html
Build info: version: &amp;apos;2.46.0&amp;apos;, revision: &amp;apos;61506a4624b13675f24581e453592342b7485d71&amp;apos;, time: &amp;apos;2015-06-04 10:22:50&amp;apos;
System info: host: &amp;apos;EPBYMINW2701&amp;apos;, ip: &amp;apos;10.6.102.41&amp;apos;, os.name: &amp;apos;Windows 7&amp;apos;, os.arch: &amp;apos;amd64&amp;apos;, os.version: &amp;apos;6.1&amp;apos;, java.version: &amp;apos;1.8.0_45&amp;apos;
Driver info: org.openqa.selenium.firefox.FirefoxDriver
Capabilities [{applicationCacheEnabled=true, rotatable=false, handlesAlerts=true, databaseEnabled=true, version=35.0.1, platform=WINDOWS, nativeEvents=false, acceptSslCerts=true, webStorageEnabled=true, locationContextEnabled=true, browserName=firefox, takesScreenshot=true, javascriptEnabled=true, cssSelectorsEnabled=true}]
Session ID: 5f5d3e3c-5193-4593-b0c9-68cf04fbff1f
*** Element info: {Using=xpath, value=//div[@class=&amp;apos;ya&amp;apos;]}">
      <![CDATA[org.openqa.selenium.NoSuchElementException: Unable to locate element: {"method":"xpath","selector":"//div[@class='ya']"}
Command duration or timeout: 30.15 seconds
For documentation on this error, please visit: http://seleniumhq.org/exceptions/no_such_element.html
Build info: version: '2.46.0', revision: '61506a4624b13675f24581e453592342b7485d71', time: '2015-06-04 10:22:50'
System info: host: 'EPBYMINW2701', ip: '10.6.102.41', os.name: 'Windows 7', os.arch: 'amd64', os.version: '6.1', java.version: '1.8.0_45'
Driver info: org.openqa.selenium.firefox.FirefoxDriver
Capabilities [{applicationCacheEnabled=true, rotatable=false, handlesAlerts=true, databaseEnabled=true, version=35.0.1, platform=WINDOWS, nativeEvents=false, acceptSslCerts=true, webStorageEnabled=true, locationContextEnabled=true, browserName=firefox, takesScreenshot=true, javascriptEnabled=true, cssSelectorsEnabled=true}]
Session ID: 5f5d3e3c-5193-4593-b0c9-68cf04fbff1f
*** Element info: {Using=xpath, value=//div[@class='ya']}
	at org.openqa.selenium.remote.ErrorHandler.createThrowable(ErrorHandler.java:204)
	at org.openqa.selenium.remote.ErrorHandler.throwIfResponseFailed(ErrorHandler.java:156)
	at org.openqa.selenium.remote.RemoteWebDriver.execute(RemoteWebDriver.java:605)
	at org.openqa.selenium.remote.RemoteWebDriver.findElement(RemoteWebDriver.java:358)
	at org.openqa.selenium.remote.RemoteWebDriver.findElementByXPath(RemoteWebDriver.java:455)
	at org.openqa.selenium.By$ByXPath.findElement(By.java:358)
	at org.openqa.selenium.remote.RemoteWebDriver.findElement(RemoteWebDriver.java:350)
	at webdriver.elements.BaseElement.<init>(BaseElement.java:31)
	at webdriver.elements.LabelElement.<init>(LabelElement.java:15)
	at webdriver.BasePage.assertIsOpen(BasePage.java:21)
	at webdriver.BasePage.<init>(BasePage.java:16)
	at test.Pages.MainPage.<init>(MainPage.java:24)
	at test.Pages.SpamPage.<init>(SpamPage.java:11)
	at test.Steps.Steps.returnMessageFromSpam(Steps.java:75)
	at test.LetterGoToSpam_01.afterSpamTest(LetterGoToSpam_01.java:69)
Caused by: org.openqa.selenium.NoSuchElementException: Unable to locate element: {"method":"xpath","selector":"//div[@class='ya']"}
For documentation on this error, please visit: http://seleniumhq.org/exceptions/no_such_element.html
Build info: version: '2.46.0', revision: '61506a4624b13675f24581e453592342b7485d71', time: '2015-06-04 10:22:50'
System info: host: 'EPBYMINW2701', ip: '10.6.102.41', os.name: 'Windows 7', os.arch: 'amd64', os.version: '6.1', java.version: '1.8.0_45'
Driver info: driver.version: unknown
	at <anonymous class>.FirefoxDriver.prototype.findElementInternal_(file:///C:/Users/Hleb_Halkouski/AppData/Local/Temp/anonymous6950177766144639762webdriver-profile/extensions/fxdriver@googlecode.com/components/driver-component.js:10299)
	at <anonymous class>.fxdriver.Timer.prototype.setTimeout/<.notify(file:///C:/Users/Hleb_Halkouski/AppData/Local/Temp/anonymous6950177766144639762webdriver-profile/extensions/fxdriver@googlecode.com/components/driver-component.js:603)
... Removed 26 stack frames]]>
    </failure>
  </testcase> <!-- @AfterTest afterSpamTest -->
  <testcase name="letterGoToSpam" time="66.266" classname="test.LetterGoToSpam_01">
    <failure type="java.lang.AssertionError" message="Letter doesn&amp;apos;t in spam! expected [true] but found [false]">
      <![CDATA[java.lang.AssertionError: Letter doesn't in spam! expected [true] but found [false]
	at webdriver.Logger.fatal(Logger.java:131)
	at webdriver.BaseEntity.fatal(BaseEntity.java:72)
	at webdriver.Asserts.assertTrue(Asserts.java:19)
	at test.LetterGoToSpam_01.letterGoToSpam(LetterGoToSpam_01.java:63)
... Removed 27 stack frames]]>
    </failure>
  </testcase> <!-- letterGoToSpam -->
</testsuite> <!-- Functional Tests -->
