<!DOCTYPE html PUBLIC "-//W3C//DTD XHTML 1.1//EN" "http://www.w3.org/TR/xhtml11/DTD/xhtml11.dtd">
<html xmlns="http://www.w3.org/1999/xhtml"><head><title>TestNG Report</title><style type="text/css">table {margin-bottom:10px;border-collapse:collapse;empty-cells:show}th,td {border:1px solid #009;padding:.25em .5em}th {vertical-align:bottom}td {vertical-align:top}table a {font-weight:bold}.stripe td {background-color: #E6EBF9}.num {text-align:right}.passedodd td {background-color: #3F3}.passedeven td {background-color: #0A0}.skippedodd td {background-color: #DDD}.skippedeven td {background-color: #CCC}.failedodd td,.attn {background-color: #F33}.failedeven td,.stripe .attn {background-color: #D00}.stacktrace {white-space:pre;font-family:monospace}.totop {font-size:85%;text-align:center;border-bottom:2px solid #000}</style></head><body><table><tr><th>Test</th><th># Passed</th><th># Skipped</th><th># Failed</th><th>Time (ms)</th><th>Included Groups</th><th>Excluded Groups</th></tr><tr><th colspan="7">Test Plan</th></tr><tr><td><a href="#t0">Smoke Tests</a></td><td class="num">0</td><td class="num">0</td><td class="num attn">1</td><td class="num">91,841</td><td></td><td></td></tr></table><table><thead><tr><th>Class</th><th>Method</th><th>Start</th><th>Time (ms)</th></tr></thead><tbody><tr><th colspan="4">Test Plan</th></tr></tbody><tbody id="t0"><tr><th colspan="4">Smoke Tests &#8212; failed (configuration methods)</th></tr><tr class="failedeven"><td rowspan="1">test.Forward_02</td><td><a href="#m0">afterForwardTest</a></td><td rowspan="1">1437995942383</td><td rowspan="1">0</td></tr><tr><th colspan="4">Smoke Tests &#8212; failed</th></tr><tr class="failedeven"><td rowspan="1">test.Forward_02</td><td><a href="#m1">ForwardTest</a></td><td rowspan="1">1437995876947</td><td rowspan="1">65425</td></tr></tbody></table><h2>Smoke Tests</h2><h3 id="m0">test.Forward_02#afterForwardTest</h3><table class="result"><tr><th>Messages</th></tr><tr><td><div class="messages">========== Postcondition========== &lt;br&gt;<br/>Page Login appears&lt;br&gt;<br/>TextBoxElement typing &apos;hlebtemp2@gmail.com&apos; &lt;br&gt;<br/>ButtonElement clicking &lt;br&gt;<br/>TextBoxElement typing &apos;dr71gleb&apos; &lt;br&gt;<br/>ButtonElement clicking &lt;br&gt;<br/>Page Forward appears&lt;br&gt;</div></td></tr><tr><th>Exception</th></tr><tr><td><div class="stacktrace">org.openqa.selenium.NoSuchElementException: Unable to locate element: {&quot;method&quot;:&quot;xpath&quot;,&quot;selector&quot;:&quot;.//option[contains(text(),&apos;(используется)&apos;)]/..&quot;}
Command duration or timeout: 15.10 seconds
For documentation on this error, please visit: http://seleniumhq.org/exceptions/no_such_element.html
Build info: version: &apos;2.46.0&apos;, revision: &apos;61506a4624b13675f24581e453592342b7485d71&apos;, time: &apos;2015-06-04 10:22:50&apos;
System info: host: &apos;EPBYMINW2701&apos;, ip: &apos;10.6.102.41&apos;, os.name: &apos;Windows 7&apos;, os.arch: &apos;amd64&apos;, os.version: &apos;6.1&apos;, java.version: &apos;1.8.0_45&apos;
Driver info: org.openqa.selenium.firefox.FirefoxDriver
Capabilities [{applicationCacheEnabled=true, rotatable=false, handlesAlerts=true, databaseEnabled=true, version=35.0.1, platform=WINDOWS, nativeEvents=false, acceptSslCerts=true, webStorageEnabled=true, locationContextEnabled=true, browserName=firefox, takesScreenshot=true, javascriptEnabled=true, cssSelectorsEnabled=true}]
Session ID: 38bd4203-16ca-4c10-9c19-ef5d55cc916a
*** Element info: {Using=xpath, value=.//option[contains(text(),&apos;(используется)&apos;)]/..}
	at org.openqa.selenium.remote.ErrorHandler.createThrowable(ErrorHandler.java:204)
	at org.openqa.selenium.remote.ErrorHandler.throwIfResponseFailed(ErrorHandler.java:156)
	at org.openqa.selenium.remote.RemoteWebDriver.execute(RemoteWebDriver.java:605)
	at org.openqa.selenium.remote.RemoteWebDriver.findElement(RemoteWebDriver.java:358)
	at org.openqa.selenium.remote.RemoteWebDriver.findElementByXPath(RemoteWebDriver.java:455)
	at org.openqa.selenium.By$ByXPath.findElement(By.java:358)
	at org.openqa.selenium.remote.RemoteWebDriver.findElement(RemoteWebDriver.java:350)
	at org.openqa.selenium.support.pagefactory.DefaultElementLocator.findElement(DefaultElementLocator.java:69)
	at org.openqa.selenium.support.pagefactory.internal.LocatingElementHandler.invoke(LocatingElementHandler.java:38)
	at com.sun.proxy.$Proxy9.getWrappedElement(Unknown Source)
	at org.openqa.selenium.remote.internal.WebElementToJsonConverter.apply(WebElementToJsonConverter.java:49)
	at com.google.common.collect.Iterators$8.transform(Iterators.java:799)
	at com.google.common.collect.TransformedIterator.next(TransformedIterator.java:48)
	at com.google.common.collect.Iterators.addAll(Iterators.java:362)
	at com.google.common.collect.Lists.newArrayList(Lists.java:160)
	at com.google.common.collect.Lists.newArrayList(Lists.java:144)
	at org.openqa.selenium.remote.RemoteWebDriver.executeScript(RemoteWebDriver.java:510)
	at webdriver.elements.BaseElement.pickElementRed(BaseElement.java:51)
	at webdriver.elements.BaseElement.click(BaseElement.java:44)
	at test.Pages.ForwardPage.deleteForward(ForwardPage.java:147)
	at test.Steps.Steps.deleteForward(Steps.java:175)
	at test.Forward_02.afterForwardTest(Forward_02.java:118)
Caused by: org.openqa.selenium.NoSuchElementException: Unable to locate element: {&quot;method&quot;:&quot;xpath&quot;,&quot;selector&quot;:&quot;.//option[contains(text(),&apos;(используется)&apos;)]/..&quot;}
For documentation on this error, please visit: http://seleniumhq.org/exceptions/no_such_element.html
Build info: version: &apos;2.46.0&apos;, revision: &apos;61506a4624b13675f24581e453592342b7485d71&apos;, time: &apos;2015-06-04 10:22:50&apos;
System info: host: &apos;EPBYMINW2701&apos;, ip: &apos;10.6.102.41&apos;, os.name: &apos;Windows 7&apos;, os.arch: &apos;amd64&apos;, os.version: &apos;6.1&apos;, java.version: &apos;1.8.0_45&apos;
Driver info: driver.version: unknown
	at &lt;anonymous class&gt;.FirefoxDriver.prototype.findElementInternal_(file:///C:/Users/Hleb_Halkouski/AppData/Local/Temp/anonymous7425322062996522192webdriver-profile/extensions/fxdriver@googlecode.com/components/driver-component.js:10299)
	at &lt;anonymous class&gt;.fxdriver.Timer.prototype.setTimeout/&lt;.notify(file:///C:/Users/Hleb_Halkouski/AppData/Local/Temp/anonymous7425322062996522192webdriver-profile/extensions/fxdriver@googlecode.com/components/driver-component.js:603)
... Removed 30 stack frames</div></td></tr></table><p class="totop"><a href="#summary">back to summary</a></p><h3 id="m1">test.Forward_02#ForwardTest</h3><table class="result"><tr><th>Messages</th></tr><tr><td><div class="messages">--------==[ step 1 ]==--------&lt;br&gt;<br/>Page Login appears&lt;br&gt;<br/>TextBoxElement typing &apos;hlebtemp2@gmail.com&apos; &lt;br&gt;<br/>ButtonElement clicking &lt;br&gt;<br/>TextBoxElement typing &apos;dr71gleb&apos; &lt;br&gt;<br/>ButtonElement clicking &lt;br&gt;<br/>--------==[ steps: 2-3 ]==--------&lt;br&gt;<br/>Page Main appears&lt;br&gt;<br/>ButtonElement clicking &lt;br&gt;<br/>LabelElement clicking &lt;br&gt;<br/>--------==[ steps: 4-5 ]==--------&lt;br&gt;<br/>Page Setting appears&lt;br&gt;<br/>LabelElement clicking &lt;br&gt;<br/>Page Forward appears&lt;br&gt;<br/>ButtonElement clicking &lt;br&gt;<br/>TextBoxElement typing &apos;hleb3temp@gmail.com&apos; &lt;br&gt;<br/>ButtonElement clicking &lt;br&gt;<br/>ButtonElement clicking &lt;br&gt;<br/>ButtonElement clicking &lt;br&gt;<br/>--------==[ step 6 ]==--------&lt;br&gt;<br/>Page Login appears&lt;br&gt;<br/>TextBoxElement typing &apos;hleb3temp@gmail.com&apos; &lt;br&gt;<br/>ButtonElement clicking &lt;br&gt;<br/>TextBoxElement typing &apos;dr71gleb&apos; &lt;br&gt;<br/>ButtonElement clicking &lt;br&gt;<br/>--------==[ step 7 ]==--------&lt;br&gt;<br/>Page Main appears&lt;br&gt;<br/>LabelElement clicking &lt;br&gt;<br/>Page Message appears&lt;br&gt;<br/>LabelElement clicking &lt;br&gt;<br/>--------==[ step 8 ]==--------&lt;br&gt;<br/>Page Login appears&lt;br&gt;<br/>TextBoxElement typing &apos;hlebtemp2@gmail.com&apos; &lt;br&gt;<br/>ButtonElement clicking &lt;br&gt;<br/>TextBoxElement typing &apos;dr71gleb&apos; &lt;br&gt;<br/>ButtonElement clicking &lt;br&gt;<br/>--------==[ steps: 9-12 ]==--------&lt;br&gt;<br/>Page Forward appears&lt;br&gt;</div></td></tr><tr><th>Exception</th></tr><tr><td><div class="stacktrace">org.openqa.selenium.ElementNotVisibleException: Element is not currently visible and so may not be interacted with
Command duration or timeout: 15.05 seconds
Build info: version: &apos;2.46.0&apos;, revision: &apos;61506a4624b13675f24581e453592342b7485d71&apos;, time: &apos;2015-06-04 10:22:50&apos;
System info: host: &apos;EPBYMINW2701&apos;, ip: &apos;10.6.102.41&apos;, os.name: &apos;Windows 7&apos;, os.arch: &apos;amd64&apos;, os.version: &apos;6.1&apos;, java.version: &apos;1.8.0_45&apos;
Driver info: org.openqa.selenium.firefox.FirefoxDriver
Capabilities [{applicationCacheEnabled=true, rotatable=false, handlesAlerts=true, databaseEnabled=true, version=35.0.1, platform=WINDOWS, nativeEvents=false, acceptSslCerts=true, webStorageEnabled=true, locationContextEnabled=true, browserName=firefox, takesScreenshot=true, javascriptEnabled=true, cssSelectorsEnabled=true}]
Session ID: 38bd4203-16ca-4c10-9c19-ef5d55cc916a
	at org.openqa.selenium.remote.ErrorHandler.createThrowable(ErrorHandler.java:204)
	at org.openqa.selenium.remote.ErrorHandler.throwIfResponseFailed(ErrorHandler.java:156)
	at org.openqa.selenium.remote.RemoteWebDriver.execute(RemoteWebDriver.java:605)
	at org.openqa.selenium.remote.RemoteWebElement.execute(RemoteWebElement.java:269)
	at org.openqa.selenium.remote.RemoteWebElement.click(RemoteWebElement.java:80)
	at org.openqa.selenium.support.pagefactory.internal.LocatingElementHandler.invoke(LocatingElementHandler.java:51)
	at com.sun.proxy.$Proxy9.click(Unknown Source)
	at webdriver.elements.BaseElement.click(BaseElement.java:45)
	at test.Pages.ForwardPage.chooseRadioForwardCopy(ForwardPage.java:124)
	at test.Steps.Steps.setForwardSetting(Steps.java:142)
	at test.Forward_02.ForwardTest(Forward_02.java:75)
Caused by: org.openqa.selenium.ElementNotVisibleException: Element is not currently visible and so may not be interacted with
Build info: version: &apos;2.46.0&apos;, revision: &apos;61506a4624b13675f24581e453592342b7485d71&apos;, time: &apos;2015-06-04 10:22:50&apos;
System info: host: &apos;EPBYMINW2701&apos;, ip: &apos;10.6.102.41&apos;, os.name: &apos;Windows 7&apos;, os.arch: &apos;amd64&apos;, os.version: &apos;6.1&apos;, java.version: &apos;1.8.0_45&apos;
Driver info: driver.version: unknown
	at &lt;anonymous class&gt;.fxdriver.preconditions.visible(file:///C:/Users/Hleb_Halkouski/AppData/Local/Temp/anonymous7425322062996522192webdriver-profile/extensions/fxdriver@googlecode.com/components/command-processor.js:9615)
	at &lt;anonymous class&gt;.DelayedCommand.prototype.checkPreconditions_(file:///C:/Users/Hleb_Halkouski/AppData/Local/Temp/anonymous7425322062996522192webdriver-profile/extensions/fxdriver@googlecode.com/components/command-processor.js:12265)
	at &lt;anonymous class&gt;.DelayedCommand.prototype.executeInternal_/h(file:///C:/Users/Hleb_Halkouski/AppData/Local/Temp/anonymous7425322062996522192webdriver-profile/extensions/fxdriver@googlecode.com/components/command-processor.js:12282)
	at &lt;anonymous class&gt;.fxdriver.Timer.prototype.setTimeout/&lt;.notify(file:///C:/Users/Hleb_Halkouski/AppData/Local/Temp/anonymous7425322062996522192webdriver-profile/extensions/fxdriver@googlecode.com/components/command-processor.js:603)
... Removed 32 stack frames</div></td></tr></table><p class="totop"><a href="#summary">back to summary</a></p></body></html>