<?xml version="1.0" encoding="UTF-8"?>
<testng-results skipped="0" failed="1" total="1" passed="0">
  <reporter-output>
    <line>
      <![CDATA[Browser is ready<br>]]>
    </line>
    <line>
      <![CDATA[==========  Test case: 'Themes_04' ==========<br>]]>
    </line>
    <line>
      <![CDATA[Precondition: <br>]]>
    </line>
    <line>
      <![CDATA[Page Login Page appears<br>]]>
    </line>
    <line>
      <![CDATA[TextBoxElement typing 'hlebtemp@gmail.com' <br>]]>
    </line>
    <line>
      <![CDATA[ButtonElement clicking <br>]]>
    </line>
    <line>
      <![CDATA[TextBoxElement typing 'dr71gleb' <br>]]>
    </line>
    <line>
      <![CDATA[ButtonElement clicking <br>]]>
    </line>
    <line>
      <![CDATA[--------==[ step 1 ]==--------<br>]]>
    </line>
    <line>
      <![CDATA[Page Main Page appears<br>]]>
    </line>
    <line>
      <![CDATA[ButtonElement clicking <br>]]>
    </line>
    <line>
      <![CDATA[Page Main Page appears<br>]]>
    </line>
    <line>
      <![CDATA[<div class="skipped">LabelElement Timed out after 0 seconds waiting for webdriver.elements.BaseElement$1@4b2c5e02
Build info: version: '2.46.0', revision: '61506a4624b13675f24581e453592342b7485d71', time: '2015-06-04 10:22:50'
System info: host: 'EPBYMINW2701', ip: '10.6.102.41', os.name: 'Windows 7', os.arch: 'amd64', os.version: '6.1', java.version: '1.8.0_45'
Driver info: org.openqa.selenium.firefox.FirefoxDriver
Capabilities [{applicationCacheEnabled=true, rotatable=false, handlesAlerts=true, databaseEnabled=true, version=35.0.1, platform=WINDOWS, nativeEvents=false, acceptSslCerts=true, webStorageEnabled=true, locationContextEnabled=true, browserName=firefox, takesScreenshot=true, javascriptEnabled=true, cssSelectorsEnabled=true}]
Session ID: 434834f7-fc57-43a5-a21e-42feeab962e0 </div><br>]]>
    </line>
    <line>
      <![CDATA[<div class="failedConfig">Assert fail:Setting Drop Down isn't visible</div><br>]]>
    </line>
    <line>
      <![CDATA[driver is quit<br>]]>
    </line>
  </reporter-output>
  <suite name="Fun Test Plan" duration-ms="12465" started-at="2015-07-17T16:58:31Z" finished-at="2015-07-17T16:58:44Z">
    <groups>
    </groups>
    <test name="Functional Tests" duration-ms="12465" started-at="2015-07-17T16:58:31Z" finished-at="2015-07-17T16:58:44Z">
      <class name="test.Themes_04">
        <test-method status="PASS" signature="startTest()[pri:0, instance:test.Themes_04@45d84a20]" name="startTest" is-config="true" duration-ms="12" started-at="2015-07-17T19:58:31Z" finished-at="2015-07-17T19:58:31Z">
          <reporter-output>
            <line>
              <![CDATA[==========  Test case: 'Themes_04' ==========<br>]]>
            </line>
          </reporter-output>
        </test-method> <!-- startTest -->
        <test-method status="PASS" signature="beforeMainMailBoxPageTest(java.lang.String, java.lang.String)[pri:0, instance:test.Themes_04@45d84a20]" name="beforeMainMailBoxPageTest" is-config="true" duration-ms="2575" started-at="2015-07-17T19:58:31Z" depends-on-methods="webdriver.BaseTest.startTest" finished-at="2015-07-17T19:58:34Z">
          <params>
            <param index="0">
              <value>
                <![CDATA[hlebtemp@gmail.com]]>
              </value>
            </param>
            <param index="1">
              <value>
                <![CDATA[dr71gleb]]>
              </value>
            </param>
          </params>
          <reporter-output>
            <line>
              <![CDATA[Precondition: <br>]]>
            </line>
            <line>
              <![CDATA[Page Login Page appears<br>]]>
            </line>
            <line>
              <![CDATA[TextBoxElement typing 'hlebtemp@gmail.com' <br>]]>
            </line>
            <line>
              <![CDATA[ButtonElement clicking <br>]]>
            </line>
            <line>
              <![CDATA[TextBoxElement typing 'dr71gleb' <br>]]>
            </line>
            <line>
              <![CDATA[ButtonElement clicking <br>]]>
            </line>
          </reporter-output>
        </test-method> <!-- beforeMainMailBoxPageTest -->
        <test-method status="PASS" signature="before()[pri:0, instance:test.Themes_04@45d84a20]" name="before" is-config="true" duration-ms="0" started-at="2015-07-17T19:58:34Z" finished-at="2015-07-17T19:58:34Z">
          <reporter-output>
          </reporter-output>
        </test-method> <!-- before -->
        <test-method status="FAIL" signature="ThemesTest()[pri:0, instance:test.Themes_04@45d84a20]" name="ThemesTest" duration-ms="8595" started-at="2015-07-17T19:58:34Z" finished-at="2015-07-17T19:58:42Z">
          <exception class="java.lang.AssertionError">
            <message>
              <![CDATA[Assert fail:Setting Drop Down isn't visible expected [true] but found [false]]]>
            </message>
            <full-stacktrace>
              <![CDATA[java.lang.AssertionError: Assert fail:Setting Drop Down isn't visible expected [true] but found [false]
	at org.testng.Assert.fail(Assert.java:94)
	at org.testng.Assert.failNotEquals(Assert.java:494)
	at org.testng.Assert.assertTrue(Assert.java:42)
	at webdriver.Logger.fatal(Logger.java:130)
	at webdriver.BaseEntity.fatal(BaseEntity.java:72)
	at webdriver.Asserts.assertTrue(Asserts.java:19)
	at test.Themes_04.ThemesTest(Themes_04.java:30)
	at sun.reflect.NativeMethodAccessorImpl.invoke0(Native Method)
	at sun.reflect.NativeMethodAccessorImpl.invoke(NativeMethodAccessorImpl.java:62)
	at sun.reflect.DelegatingMethodAccessorImpl.invoke(DelegatingMethodAccessorImpl.java:43)
	at java.lang.reflect.Method.invoke(Method.java:497)
	at org.testng.internal.MethodInvocationHelper.invokeMethod(MethodInvocationHelper.java:84)
	at org.testng.internal.Invoker.invokeMethod(Invoker.java:714)
	at org.testng.internal.Invoker.invokeTestMethod(Invoker.java:901)
	at org.testng.internal.Invoker.invokeTestMethods(Invoker.java:1231)
	at org.testng.internal.TestMethodWorker.invokeTestMethods(TestMethodWorker.java:127)
	at org.testng.internal.TestMethodWorker.run(TestMethodWorker.java:111)
	at org.testng.TestRunner.privateRun(TestRunner.java:767)
	at org.testng.TestRunner.run(TestRunner.java:617)
	at org.testng.SuiteRunner.runTest(SuiteRunner.java:348)
	at org.testng.SuiteRunner.runSequentially(SuiteRunner.java:343)
	at org.testng.SuiteRunner.privateRun(SuiteRunner.java:305)
	at org.testng.SuiteRunner.run(SuiteRunner.java:254)
	at org.testng.SuiteRunnerWorker.runSuite(SuiteRunnerWorker.java:52)
	at org.testng.SuiteRunnerWorker.run(SuiteRunnerWorker.java:86)
	at org.testng.TestNG.runSuitesSequentially(TestNG.java:1224)
	at org.testng.TestNG.runSuitesLocally(TestNG.java:1149)
	at org.testng.TestNG.run(TestNG.java:1057)
	at org.testng.remote.RemoteTestNG.run(RemoteTestNG.java:111)
	at org.testng.remote.RemoteTestNG.initAndRun(RemoteTestNG.java:204)
	at org.testng.remote.RemoteTestNG.main(RemoteTestNG.java:175)
]]>
            </full-stacktrace>
          </exception> <!-- java.lang.AssertionError -->
          <reporter-output>
            <line>
              <![CDATA[--------==[ step 1 ]==--------<br>]]>
            </line>
            <line>
              <![CDATA[Page Main Page appears<br>]]>
            </line>
            <line>
              <![CDATA[ButtonElement clicking <br>]]>
            </line>
            <line>
              <![CDATA[Page Main Page appears<br>]]>
            </line>
            <line>
              <![CDATA[<div class="skipped">LabelElement Timed out after 0 seconds waiting for webdriver.elements.BaseElement$1@4b2c5e02
Build info: version: '2.46.0', revision: '61506a4624b13675f24581e453592342b7485d71', time: '2015-06-04 10:22:50'
System info: host: 'EPBYMINW2701', ip: '10.6.102.41', os.name: 'Windows 7', os.arch: 'amd64', os.version: '6.1', java.version: '1.8.0_45'
Driver info: org.openqa.selenium.firefox.FirefoxDriver
Capabilities [{applicationCacheEnabled=true, rotatable=false, handlesAlerts=true, databaseEnabled=true, version=35.0.1, platform=WINDOWS, nativeEvents=false, acceptSslCerts=true, webStorageEnabled=true, locationContextEnabled=true, browserName=firefox, takesScreenshot=true, javascriptEnabled=true, cssSelectorsEnabled=true}]
Session ID: 434834f7-fc57-43a5-a21e-42feeab962e0 </div><br>]]>
            </line>
            <line>
              <![CDATA[<div class="failedConfig">Assert fail:Setting Drop Down isn't visible</div><br>]]>
            </line>
          </reporter-output>
        </test-method> <!-- ThemesTest -->
        <test-method status="PASS" signature="after()[pri:0, instance:test.Themes_04@45d84a20]" name="after" is-config="true" duration-ms="1236" started-at="2015-07-17T19:58:42Z" finished-at="2015-07-17T19:58:44Z">
          <reporter-output>
            <line>
              <![CDATA[driver is quit<br>]]>
            </line>
          </reporter-output>
        </test-method> <!-- after -->
      </class> <!-- test.Themes_04 -->
    </test> <!-- Functional Tests -->
  </suite> <!-- Fun Test Plan -->
</testng-results>
