<?xml version="1.0" encoding="UTF-8"?>
<!-- Generated by org.testng.reporters.JUnitReportReporter -->
<testsuite hostname="EPBYMINW2701" name="com.epam.automation.GmailTest.test.tests.LetterGoToSpam_01" tests="1" failures="1" timestamp="9 Jul 2015 10:10:44 GMT" time="0.981" errors="0">
  <testcase name="letterGoToSpam" time="0.981" classname="com.epam.automation.GmailTest.test.tests.LetterGoToSpam_01">
    <failure type="java.lang.IllegalArgumentException" message="Can not set com.epam.automation.GmailTest.webdriver.DecWebElement field com.epam.automation.GmailTest.test.Pages.LoginPage.txbEmail to com.sun.proxy.$Proxy6">
      <![CDATA[java.lang.IllegalArgumentException: Can not set com.epam.automation.GmailTest.webdriver.DecWebElement field com.epam.automation.GmailTest.test.Pages.LoginPage.txbEmail to com.sun.proxy.$Proxy6
	at sun.reflect.UnsafeFieldAccessorImpl.throwSetIllegalArgumentException(UnsafeFieldAccessorImpl.java:167)
	at sun.reflect.UnsafeFieldAccessorImpl.throwSetIllegalArgumentException(UnsafeFieldAccessorImpl.java:171)
	at sun.reflect.UnsafeObjectFieldAccessorImpl.set(UnsafeObjectFieldAccessorImpl.java:81)
	at java.lang.reflect.Field.set(Field.java:764)
	at org.openqa.selenium.support.PageFactory.proxyFields(PageFactory.java:116)
	at org.openqa.selenium.support.PageFactory.initElements(PageFactory.java:104)
	at org.openqa.selenium.support.PageFactory.initElements(PageFactory.java:91)
	at org.openqa.selenium.support.PageFactory.initElements(PageFactory.java:78)
	at com.epam.automation.GmailTest.test.Pages.LoginPage.<init>(LoginPage.java:23)
	at com.epam.automation.GmailTest.test.tests.LetterGoToSpam_01.letterGoToSpam(LetterGoToSpam_01.java:17)
	at sun.reflect.NativeMethodAccessorImpl.invoke0(Native Method)
	at sun.reflect.NativeMethodAccessorImpl.invoke(NativeMethodAccessorImpl.java:62)
	at sun.reflect.DelegatingMethodAccessorImpl.invoke(DelegatingMethodAccessorImpl.java:43)
	at java.lang.reflect.Method.invoke(Method.java:497)
	at org.testng.internal.MethodInvocationHelper.invokeMethod(MethodInvocationHelper.java:84)
	at org.testng.internal.Invoker.invokeMethod(Invoker.java:714)
	at org.testng.internal.Invoker.invokeTestMethod(Invoker.java:901)
	at org.testng.internal.Invoker.invokeTestMethods(Invoker.java:1231)
	at org.testng.internal.TestMethodWorker.invokeTestMethods(TestMethodWorker.java:127)
	at org.testng.internal.TestMethodWorker.run(TestMethodWorker.java:111)
	at org.testng.TestRunner.privateRun(TestRunner.java:767)
	at org.testng.TestRunner.run(TestRunner.java:617)
	at org.testng.SuiteRunner.runTest(SuiteRunner.java:348)
	at org.testng.SuiteRunner.runSequentially(SuiteRunner.java:343)
	at org.testng.SuiteRunner.privateRun(SuiteRunner.java:305)
	at org.testng.SuiteRunner.run(SuiteRunner.java:254)
	at org.testng.SuiteRunnerWorker.runSuite(SuiteRunnerWorker.java:52)
	at org.testng.SuiteRunnerWorker.run(SuiteRunnerWorker.java:86)
	at org.testng.TestNG.runSuitesSequentially(TestNG.java:1224)
	at org.testng.TestNG.runSuitesLocally(TestNG.java:1149)
	at org.testng.TestNG.run(TestNG.java:1057)
	at org.testng.remote.RemoteTestNG.run(RemoteTestNG.java:111)
	at org.testng.remote.RemoteTestNG.initAndRun(RemoteTestNG.java:204)
	at org.testng.remote.RemoteTestNG.main(RemoteTestNG.java:175)
]]>
    </failure>
  </testcase> <!-- letterGoToSpam -->
</testsuite> <!-- com.epam.automation.GmailTest.test.tests.LetterGoToSpam_01 -->
